-- Found ament_cmake: 1.3.9 (/opt/ros/humble/share/ament_cmake/cmake)
-- Found rclcpp: 16.0.9 (/opt/ros/humble/share/rclcpp/cmake)
-- Found rosidl_generator_c: 3.1.5 (/opt/ros/humble/share/rosidl_generator_c/cmake)
-- Found rosidl_adapter: 3.1.5 (/opt/ros/humble/share/rosidl_adapter/cmake)
-- Found rosidl_generator_cpp: 3.1.5 (/opt/ros/humble/share/rosidl_generator_cpp/cmake)
-- Using all available rosidl_typesupport_c: rosidl_typesupport_fastrtps_c;rosidl_typesupport_introspection_c
-- Using all available rosidl_typesupport_cpp: rosidl_typesupport_fastrtps_cpp;rosidl_typesupport_introspection_cpp
-- Found rmw_implementation_cmake: 6.1.2 (/opt/ros/humble/share/rmw_implementation_cmake/cmake)
-- Found rmw_fastrtps_cpp: 6.2.6 (/opt/ros/humble/share/rmw_fastrtps_cpp/cmake)
-- Using RMW implementation 'rmw_fastrtps_cpp' as default
-- Found sensor_msgs: 4.2.4 (/opt/ros/humble/share/sensor_msgs/cmake)
-- Found ament_lint_auto: 0.12.11 (/opt/ros/humble/share/ament_lint_auto/cmake)
-- Added test 'cppcheck' to perform static code analysis on C / C++ code
-- Configured cppcheck include dirs: /home/zzq/Desktop/ros2_ws/src/pavo_lidar/sdk/include
-- Configured cppcheck exclude dirs and/or files: 
-- Added test 'lint_cmake' to check CMake code style
-- Added test 'uncrustify' to check C / C++ code style
-- Configured uncrustify additional arguments: 
-- Added test 'xmllint' to check XML markup files
-- Configuring done
-- Generating done
-- Build files have been written to: /home/zzq/Desktop/ros2_ws/build/pavo_lidar
[ 50%] [32mBuilding CXX object CMakeFiles/pavo_pcd_pub.dir/src/pavo_pcd_node.cpp.o[0m
In file included from [01m[K/home/zzq/Desktop/ros2_ws/src/pavo_lidar/sdk/include/pavo_driver.h:12[m[K,
                 from [01m[K/home/zzq/Desktop/ros2_ws/src/pavo_lidar/src/pavo_pcd_node.cpp:6[m[K:
[01m[K/home/zzq/Desktop/ros2_ws/src/pavo_lidar/sdk/include/pavo_cmd.h:[m[K In function â€˜[01m[Kbool IsValidMotorSpeed(int)[m[Kâ€™:
[01m[K/home/zzq/Desktop/ros2_ws/src/pavo_lidar/sdk/include/pavo_cmd.h:244:26:[m[K [01;35m[Kwarning: [m[Kcomparison of integer expressions of different signedness: â€˜[01m[Kint[m[Kâ€™ and â€˜[01m[Kconst unsigned int[m[Kâ€™ [[01;35m[K]8;;https://gcc.gnu.org/onlinedocs/gcc/Warning-Options.html#index-Wsign-compare-Wsign-compare]8;;[m[K]
  244 |                 if([01;35m[Kspeed == VALID_MOTOR_SPEED[i][m[K)
      |                    [01;35m[K~~~~~~^~~~~~~~~~~~~~~~~~~~~~~[m[K
[01m[K/home/zzq/Desktop/ros2_ws/src/pavo_lidar/sdk/include/pavo_cmd.h:[m[K In function â€˜[01m[Kbool IsValidPointCloudMergeCoef(int)[m[Kâ€™:
[01m[K/home/zzq/Desktop/ros2_ws/src/pavo_lidar/sdk/include/pavo_cmd.h:256:25:[m[K [01;35m[Kwarning: [m[Kcomparison of integer expressions of different signedness: â€˜[01m[Kint[m[Kâ€™ and â€˜[01m[Kconst unsigned int[m[Kâ€™ [[01;35m[K]8;;https://gcc.gnu.org/onlinedocs/gcc/Warning-Options.html#index-Wsign-compare-Wsign-compare]8;;[m[K]
  256 |                 if([01;35m[Kcoef == VALID_POINT_CLOUD_MERGE_COEF[i][m[K)
      |                    [01;35m[K~~~~~^~~~~~~~~~~~~~~~~~~~~~~~~~~~~~~~~~[m[K
In file included from [01m[K/home/zzq/Desktop/ros2_ws/src/pavo_lidar/src/pavo_pcd_node.cpp:6[m[K:
[01m[K/home/zzq/Desktop/ros2_ws/src/pavo_lidar/sdk/include/pavo_driver.h:[m[K At global scope:
[01m[K/home/zzq/Desktop/ros2_ws/src/pavo_lidar/sdk/include/pavo_driver.h:29:31:[m[K [01;31m[Kerror: [m[KISO C++17 does not allow dynamic exception specifications
   29 |                 pavo_driver() [01;31m[Kthrow[m[K(pavo_exception);
      |                               [01;31m[K^~~~~[m[K
[01m[K/home/zzq/Desktop/ros2_ws/src/pavo_lidar/sdk/include/pavo_driver.h:30:70:[m[K [01;31m[Kerror: [m[KISO C++17 does not allow dynamic exception specifications
   30 |                 pavo_driver(std::string dest_ip, uint16_t dest_port) [01;31m[Kthrow[m[K(pavo_exception);
      |                                                                      [01;31m[K^~~~~[m[K
[01m[K/home/zzq/Desktop/ros2_ws/src/pavo_lidar/sdk/include/pavo_driver.h:32:115:[m[K [01;31m[Kerror: [m[KISO C++17 does not allow dynamic exception specifications
   32 |                 pavo_driver(std::string device_ip, uint16_t device_port, std::string dest_ip, uint16_t dest_port) [01;31m[Kthrow[m[K(pavo_exception);
      |                                                                                                                   [01;31m[K^~~~~[m[K
[01m[K/home/zzq/Desktop/ros2_ws/src/pavo_lidar/sdk/include/pavo_driver.h:36:77:[m[K [01;31m[Kerror: [m[KISO C++17 does not allow dynamic exception specifications
   36 |                 bool pavo_open(std::string device_ip, uint16_t device_port) [01;31m[Kthrow[m[K(pavo_exception);
      |                                                                             [01;31m[K^~~~~[m[K
[01m[K/home/zzq/Desktop/ros2_ws/src/pavo_lidar/src/pavo_pcd_node.cpp:9:1:[m[K [01;31m[Kerror: [m[Kâ€˜[01m[Kpavo::pavo_driver::pavo_driver[m[Kâ€™ names the constructor, not the type
    9 | [01;31m[Kpavo[m[K::pavo_driver::pavo_driver *drv =NULL;
      | [01;31m[K^~~~[m[K
[01m[K/home/zzq/Desktop/ros2_ws/src/pavo_lidar/src/pavo_pcd_node.cpp:10:47:[m[K [01;35m[Kwarning: [m[Kuse of â€˜[01m[Kauto[m[Kâ€™ in parameter declaration only available with â€˜[01m[K-std=c++20[m[Kâ€™ or â€˜[01m[K-fconcepts[m[Kâ€™
   10 | void get_param(const std::string &param_name, [01;35m[Kauto[m[K &param_var)
      |                                               [01;35m[K^~~~[m[K
[01m[K/home/zzq/Desktop/ros2_ws/src/pavo_lidar/src/pavo_pcd_node.cpp:[m[K In function â€˜[01m[Kvoid get_param(const string&, auto:41&)[m[Kâ€™:
[01m[K/home/zzq/Desktop/ros2_ws/src/pavo_lidar/src/pavo_pcd_node.cpp:12:9:[m[K [01;31m[Kerror: [m[Kinvalid use of â€˜[01m[Kthis[m[Kâ€™ in non-member function
   12 |     if ([01;31m[Kthis[m[K->has_parameter(param_name))
      |         [01;31m[K^~~~[m[K
[01m[K/home/zzq/Desktop/ros2_ws/src/pavo_lidar/src/pavo_pcd_node.cpp:14:9:[m[K [01;31m[Kerror: [m[Kinvalid use of â€˜[01m[Kthis[m[Kâ€™ in non-member function
   14 |         [01;31m[Kthis[m[K->get_parameter(param_name, param_var);
      |         [01;31m[K^~~~[m[K
[01m[K/home/zzq/Desktop/ros2_ws/src/pavo_lidar/src/pavo_pcd_node.cpp:[m[K In constructor â€˜[01m[KPC_Pub_node::PC_Pub_node()[m[Kâ€™:
[01m[K/home/zzq/Desktop/ros2_ws/src/pavo_lidar/src/pavo_pcd_node.cpp:78:13:[m[K [01;31m[Kerror: [m[Kâ€˜[01m[Kdrv[m[Kâ€™ was not declared in this scope; did you mean â€˜[01m[Kdiv[m[Kâ€™?
   78 |             [01;31m[Kdrv[m[K = new pavo::pavo_driver();
      |             [01;31m[K^~~[m[K
      |             [32m[Kdiv[m[K
[01m[K/home/zzq/Desktop/ros2_ws/src/pavo_lidar/src/pavo_pcd_node.cpp:82:13:[m[K [01;31m[Kerror: [m[Kâ€˜[01m[Kdrv[m[Kâ€™ was not declared in this scope; did you mean â€˜[01m[Kdiv[m[Kâ€™?
   82 |             [01;31m[Kdrv[m[K = new pavo::pavo_driver(this->host_ip,this->host_port);
      |             [01;31m[K^~~[m[K
      |             [32m[Kdiv[m[K
[01m[K/home/zzq/Desktop/ros2_ws/src/pavo_lidar/src/pavo_pcd_node.cpp:84:9:[m[K [01;31m[Kerror: [m[Kâ€˜[01m[Kdrv[m[Kâ€™ was not declared in this scope; did you mean â€˜[01m[Kdiv[m[Kâ€™?
   84 |         [01;31m[Kdrv[m[K->pavo_open(this->lidar_ip,this->lidar_port);
      |         [01;31m[K^~~[m[K
      |         [32m[Kdiv[m[K
[01m[K/home/zzq/Desktop/ros2_ws/src/pavo_lidar/src/pavo_pcd_node.cpp:38:13:[m[K [01;35m[Kwarning: [m[Kunused variable â€˜[01m[Knum_points[m[Kâ€™ [[01;35m[K]8;;https://gcc.gnu.org/onlinedocs/gcc/Warning-Options.html#index-Wunused-variable-Wunused-variable]8;;[m[K]
   38 |         int [01;35m[Knum_points[m[K;
      |             [01;35m[K^~~~~~~~~~[m[K
[01m[K/home/zzq/Desktop/ros2_ws/src/pavo_lidar/src/pavo_pcd_node.cpp:[m[K In destructor â€˜[01m[Kvirtual PC_Pub_node::~PC_Pub_node()[m[Kâ€™:
[01m[K/home/zzq/Desktop/ros2_ws/src/pavo_lidar/src/pavo_pcd_node.cpp:124:16:[m[K [01;31m[Kerror: [m[Kâ€˜[01m[Kdrv[m[Kâ€™ was not declared in this scope; did you mean â€˜[01m[Kdiv[m[Kâ€™?
  124 |         delete [01;31m[Kdrv[m[K;
      |                [01;31m[K^~~[m[K
      |                [32m[Kdiv[m[K
[01m[K/home/zzq/Desktop/ros2_ws/src/pavo_lidar/src/pavo_pcd_node.cpp:[m[K In member function â€˜[01m[Kvoid PC_Pub_node::timer_callback()[m[Kâ€™:
[01m[K/home/zzq/Desktop/ros2_ws/src/pavo_lidar/src/pavo_pcd_node.cpp:145:13:[m[K [01;31m[Kerror: [m[Kâ€˜[01m[Kdrv[m[Kâ€™ was not declared in this scope; did you mean â€˜[01m[Kdiv[m[Kâ€™?
  145 |             [01;31m[Kdrv[m[K->get_scanned_data(pcd_vec);
      |             [01;31m[K^~~[m[K
      |             [32m[Kdiv[m[K
[01m[K/home/zzq/Desktop/ros2_ws/src/pavo_lidar/src/pavo_pcd_node.cpp:156:43:[m[K [01;35m[Kwarning: [m[Kcomparison of integer expressions of different signedness: â€˜[01m[Kunsigned int[m[Kâ€™ and â€˜[01m[Kint[m[Kâ€™ [[01;35m[K]8;;https://gcc.gnu.org/onlinedocs/gcc/Warning-Options.html#index-Wsign-compare-Wsign-compare]8;;[m[K]
  156 |                 for(unsigned int i = 0; [01;35m[Ki < num_points[m[K; i++){
      |                                         [01;35m[K~~^~~~~~~~~~~~[m[K
[01m[K/home/zzq/Desktop/ros2_ws/src/pavo_lidar/src/pavo_pcd_node.cpp:165:43:[m[K [01;35m[Kwarning: [m[Kcomparison of integer expressions of different signedness: â€˜[01m[Kunsigned int[m[Kâ€™ and â€˜[01m[Kint[m[Kâ€™ [[01;35m[K]8;;https://gcc.gnu.org/onlinedocs/gcc/Warning-Options.html#index-Wsign-compare-Wsign-compare]8;;[m[K]
  165 |                 for(unsigned int i = 0; [01;35m[Ki < num_points[m[K; i++)
      |                                         [01;35m[K~~^~~~~~~~~~~~[m[K
gmake[2]: *** [CMakeFiles/pavo_pcd_pub.dir/build.make:76ï¼šCMakeFiles/pavo_pcd_pub.dir/src/pavo_pcd_node.cpp.o] é”™è¯¯ 1
gmake[1]: *** [CMakeFiles/Makefile2:137ï¼šCMakeFiles/pavo_pcd_pub.dir/all] é”™è¯¯ 2
gmake: *** [Makefile:146ï¼šall] é”™è¯¯ 2
