[0.006s] Invoking command in '/home/zzq/Desktop/ros2_ws/build/pavo_lidar': CMAKE_PREFIX_PATH=${CMAKE_PREFIX_PATH}:/home/zzq/Desktop/ros2_ws/install/srv_msg_creating_py:/home/zzq/Desktop/ros2_ws/install/service_client_py:/home/zzq/Desktop/ros2_ws/install/beitong_joy:/home/zzq/Desktop/ros2_ws/install/beginner_py:/home/zzq/Desktop/ros2_ws/install/HTW_imu:/home/zzq/Desktop/ros2_ws/install/Action_turtle:/home/zzq/Desktop/GYH_ws/install/learning_urdf:/home/zzq/Desktop/GYH_ws/install/learning_topic:/home/zzq/Desktop/GYH_ws/install/learning_tf:/home/zzq/Desktop/GYH_ws/install/learning_service:/home/zzq/Desktop/GYH_ws/install/learning_qos:/home/zzq/Desktop/GYH_ws/install/learning_pkg_python:/home/zzq/Desktop/GYH_ws/install/learning_parameter:/home/zzq/Desktop/GYH_ws/install/learning_node:/home/zzq/Desktop/GYH_ws/install/learning_launch:/home/zzq/Desktop/GYH_ws/install/learning_action:/home/zzq/Desktop/GYH_ws/install/learning_gazebo:/home/zzq/Desktop/GYH_ws/install/learning_cv:/opt/ros/humble /usr/bin/cmake --build /home/zzq/Desktop/ros2_ws/build/pavo_lidar -- -j32 -l32
[0.031s] [35m[1mConsolidate compiler generated dependencies of target pavo_pcd_pub[0m
[0.057s] [ 25%] [32mBuilding CXX object CMakeFiles/pavo_pcd_pub.dir/src/pavo_pcd_node.cpp.o[0m
[1.682s] [01m[K/home/zzq/Desktop/ros2_ws/src/pavo_lidar/src/pavo_pcd_node.cpp:87:55:[m[K [01;35m[Kwarning: [m[Kuse of â€˜[01m[Kauto[m[Kâ€™ in parameter declaration only available with â€˜[01m[K-std=c++20[m[Kâ€™ or â€˜[01m[K-fconcepts[m[Kâ€™
[1.682s]    87 |         void get_param(const std::string &param_name, [01;35m[Kauto[m[K &param_var)
[1.682s]       |                                                       [01;35m[K^~~~[m[K
[2.630s] [ 50%] [32m[1mLinking CXX executable pavo_pcd_pub[0m
[2.713s] /usr/bin/ld: CMakeFiles/pavo_pcd_pub.dir/src/pavo_pcd_node.cpp.o: in function `PC_Pub_node::PC_Pub_node()':
[2.713s] pavo_pcd_node.cpp:(.text._ZN11PC_Pub_nodeC2Ev[_ZN11PC_Pub_nodeC5Ev]+0x135d): undefined reference to `pavo::pavo_driver::pavo_driver()'
[2.713s] /usr/bin/ld: pavo_pcd_node.cpp:(.text._ZN11PC_Pub_nodeC2Ev[_ZN11PC_Pub_nodeC5Ev]+0x13ba): undefined reference to `pavo::pavo_driver::pavo_driver(std::__cxx11::basic_string<char, std::char_traits<char>, std::allocator<char> >, unsigned short)'
[2.721s] collect2: error: ld returned 1 exit status
[2.722s] gmake[2]: *** [CMakeFiles/pavo_pcd_pub.dir/build.make:207ï¼špavo_pcd_pub] é”™è¯¯ 1
[2.722s] gmake[1]: *** [CMakeFiles/Makefile2:137ï¼šCMakeFiles/pavo_pcd_pub.dir/all] é”™è¯¯ 2
[2.722s] gmake: *** [Makefile:146ï¼šall] é”™è¯¯ 2
[2.724s] Invoked command in '/home/zzq/Desktop/ros2_ws/build/pavo_lidar' returned '2': CMAKE_PREFIX_PATH=${CMAKE_PREFIX_PATH}:/home/zzq/Desktop/ros2_ws/install/srv_msg_creating_py:/home/zzq/Desktop/ros2_ws/install/service_client_py:/home/zzq/Desktop/ros2_ws/install/beitong_joy:/home/zzq/Desktop/ros2_ws/install/beginner_py:/home/zzq/Desktop/ros2_ws/install/HTW_imu:/home/zzq/Desktop/ros2_ws/install/Action_turtle:/home/zzq/Desktop/GYH_ws/install/learning_urdf:/home/zzq/Desktop/GYH_ws/install/learning_topic:/home/zzq/Desktop/GYH_ws/install/learning_tf:/home/zzq/Desktop/GYH_ws/install/learning_service:/home/zzq/Desktop/GYH_ws/install/learning_qos:/home/zzq/Desktop/GYH_ws/install/learning_pkg_python:/home/zzq/Desktop/GYH_ws/install/learning_parameter:/home/zzq/Desktop/GYH_ws/install/learning_node:/home/zzq/Desktop/GYH_ws/install/learning_launch:/home/zzq/Desktop/GYH_ws/install/learning_action:/home/zzq/Desktop/GYH_ws/install/learning_gazebo:/home/zzq/Desktop/GYH_ws/install/learning_cv:/opt/ros/humble /usr/bin/cmake --build /home/zzq/Desktop/ros2_ws/build/pavo_lidar -- -j32 -l32
