[0.006s] Invoking command in '/home/zzq/Desktop/ros2_ws/build/pavo_lidar': CMAKE_PREFIX_PATH=${CMAKE_PREFIX_PATH}:/home/zzq/Desktop/ros2_ws/install/srv_msg_creating_py:/home/zzq/Desktop/ros2_ws/install/service_client_py:/home/zzq/Desktop/ros2_ws/install/beitong_joy:/home/zzq/Desktop/ros2_ws/install/beginner_py:/home/zzq/Desktop/ros2_ws/install/beginner:/home/zzq/Desktop/ros2_ws/install/HTW_imu:/home/zzq/Desktop/ros2_ws/install/Action_turtle:/home/zzq/Desktop/GYH_ws/install/learning_urdf:/home/zzq/Desktop/GYH_ws/install/learning_topic:/home/zzq/Desktop/GYH_ws/install/learning_tf:/home/zzq/Desktop/GYH_ws/install/learning_service:/home/zzq/Desktop/GYH_ws/install/learning_qos:/home/zzq/Desktop/GYH_ws/install/learning_pkg_python:/home/zzq/Desktop/GYH_ws/install/learning_parameter:/home/zzq/Desktop/GYH_ws/install/learning_node:/home/zzq/Desktop/GYH_ws/install/learning_launch:/home/zzq/Desktop/GYH_ws/install/learning_action:/home/zzq/Desktop/GYH_ws/install/learning_gazebo:/home/zzq/Desktop/GYH_ws/install/learning_cv:/opt/ros/humble /usr/bin/cmake --build /home/zzq/Desktop/ros2_ws/build/pavo_lidar -- -j32 -l32
[0.031s] [35m[1mConsolidate compiler generated dependencies of target pavo_pcd_pub[0m
[0.052s] [ 20%] [32mBuilding CXX object CMakeFiles/pavo_pcd_pub.dir/src/pavo_pcd_node.cpp.o[0m
[1.649s] [01m[K/home/zzq/Desktop/ros2_ws/src/pavo_lidar/src/pavo_pcd_node.cpp:114:55:[m[K [01;35m[Kwarning: [m[Kuse of â€˜[01m[Kauto[m[Kâ€™ in parameter declaration only available with â€˜[01m[K-std=c++20[m[Kâ€™ or â€˜[01m[K-fconcepts[m[Kâ€™
[1.649s]   114 |         void get_param(const std::string &param_name, [01;35m[Kauto[m[K &param_var)
[1.649s]       |                                                       [01;35m[K^~~~[m[K
[1.655s] [01m[K/home/zzq/Desktop/ros2_ws/src/pavo_lidar/src/pavo_pcd_node.cpp:[m[K In constructor â€˜[01m[KPC_Pub_node::PC_Pub_node()[m[Kâ€™:
[1.655s] [01m[K/home/zzq/Desktop/ros2_ws/src/pavo_lidar/src/pavo_pcd_node.cpp:48:36:[m[K [01;31m[Kerror: [m[Kâ€˜[01m[Kendl[m[Kâ€™ was not declared in this scope; did you mean â€˜[01m[Kstd::endl[m[Kâ€™?
[1.655s]    48 |         std::cout<<this->lidar_ip<<[01;31m[Kendl[m[K;
[1.655s]       |                                    [01;31m[K^~~~[m[K
[1.655s]       |                                    [32m[Kstd::endl[m[K
[1.655s] In file included from [01m[K/usr/include/c++/11/iostream:39[m[K,
[1.655s]                  from [01m[K/opt/ros/humble/include/rclcpp/rclcpp/executor.hpp:22[m[K,
[1.655s]                  from [01m[K/opt/ros/humble/include/rclcpp/rclcpp/executors/multi_threaded_executor.hpp:25[m[K,
[1.655s]                  from [01m[K/opt/ros/humble/include/rclcpp/rclcpp/executors.hpp:21[m[K,
[1.655s]                  from [01m[K/opt/ros/humble/include/rclcpp/rclcpp/rclcpp.hpp:155[m[K,
[1.655s]                  from [01m[K/home/zzq/Desktop/ros2_ws/src/pavo_lidar/src/pavo_pcd_node.cpp:1[m[K:
[1.655s] [01m[K/usr/include/c++/11/ostream:684:5:[m[K [01;36m[Knote: [m[Kâ€˜[01m[Kstd::endl[m[Kâ€™ declared here
[1.655s]   684 |     [01;36m[Kendl[m[K(basic_ostream<_CharT, _Traits>& __os)
[1.655s]       |     [01;36m[K^~~~[m[K
[2.143s] gmake[2]: *** [CMakeFiles/pavo_pcd_pub.dir/build.make:76ï¼šCMakeFiles/pavo_pcd_pub.dir/src/pavo_pcd_node.cpp.o] é”™è¯¯ 1
[2.143s] gmake[1]: *** [CMakeFiles/Makefile2:137ï¼šCMakeFiles/pavo_pcd_pub.dir/all] é”™è¯¯ 2
[2.144s] gmake: *** [Makefile:146ï¼šall] é”™è¯¯ 2
[2.145s] Invoked command in '/home/zzq/Desktop/ros2_ws/build/pavo_lidar' returned '2': CMAKE_PREFIX_PATH=${CMAKE_PREFIX_PATH}:/home/zzq/Desktop/ros2_ws/install/srv_msg_creating_py:/home/zzq/Desktop/ros2_ws/install/service_client_py:/home/zzq/Desktop/ros2_ws/install/beitong_joy:/home/zzq/Desktop/ros2_ws/install/beginner_py:/home/zzq/Desktop/ros2_ws/install/beginner:/home/zzq/Desktop/ros2_ws/install/HTW_imu:/home/zzq/Desktop/ros2_ws/install/Action_turtle:/home/zzq/Desktop/GYH_ws/install/learning_urdf:/home/zzq/Desktop/GYH_ws/install/learning_topic:/home/zzq/Desktop/GYH_ws/install/learning_tf:/home/zzq/Desktop/GYH_ws/install/learning_service:/home/zzq/Desktop/GYH_ws/install/learning_qos:/home/zzq/Desktop/GYH_ws/install/learning_pkg_python:/home/zzq/Desktop/GYH_ws/install/learning_parameter:/home/zzq/Desktop/GYH_ws/install/learning_node:/home/zzq/Desktop/GYH_ws/install/learning_launch:/home/zzq/Desktop/GYH_ws/install/learning_action:/home/zzq/Desktop/GYH_ws/install/learning_gazebo:/home/zzq/Desktop/GYH_ws/install/learning_cv:/opt/ros/humble /usr/bin/cmake --build /home/zzq/Desktop/ros2_ws/build/pavo_lidar -- -j32 -l32
