[0.007s] Invoking command in '/home/zzq/Desktop/ros2_ws/build/beginner': /usr/bin/cmake --build /home/zzq/Desktop/ros2_ws/build/beginner -- -j32 -l32
[0.017s] -- Found ament_cmake: 1.3.9 (/opt/ros/humble/share/ament_cmake/cmake)
[0.081s] -- Found rclcpp: 16.0.9 (/opt/ros/humble/share/rclcpp/cmake)
[0.095s] -- Found rosidl_generator_c: 3.1.5 (/opt/ros/humble/share/rosidl_generator_c/cmake)
[0.096s] -- Found rosidl_adapter: 3.1.5 (/opt/ros/humble/share/rosidl_adapter/cmake)
[0.098s] -- Found rosidl_generator_cpp: 3.1.5 (/opt/ros/humble/share/rosidl_generator_cpp/cmake)
[0.103s] -- Using all available rosidl_typesupport_c: rosidl_typesupport_fastrtps_c;rosidl_typesupport_introspection_c
[0.110s] -- Using all available rosidl_typesupport_cpp: rosidl_typesupport_fastrtps_cpp;rosidl_typesupport_introspection_cpp
[0.137s] -- Found rmw_implementation_cmake: 6.1.2 (/opt/ros/humble/share/rmw_implementation_cmake/cmake)
[0.138s] -- Found rmw_fastrtps_cpp: 6.2.6 (/opt/ros/humble/share/rmw_fastrtps_cpp/cmake)
[0.192s] -- Using RMW implementation 'rmw_fastrtps_cpp' as default
[0.264s] -- Found geometry_msgs: 4.2.4 (/opt/ros/humble/share/geometry_msgs/cmake)
[0.283s] -- Found ament_lint_auto: 0.12.11 (/opt/ros/humble/share/ament_lint_auto/cmake)
[0.315s] Error parsing '/home/zzq/Desktop/ros2_ws/src/beginner/package.xml':
[0.334s] Traceback (most recent call last):
[0.334s]   File "/opt/ros/humble/share/ament_cmake_core/cmake/core/package_xml_2_cmake.py", line 150, in <module>
[0.334s]     main()
[0.334s]   File "/opt/ros/humble/share/ament_cmake_core/cmake/core/package_xml_2_cmake.py", line 53, in main
[0.334s]     raise e
[0.334s]   File "/opt/ros/humble/share/ament_cmake_core/cmake/core/package_xml_2_cmake.py", line 49, in main
[0.334s]     package = parse_package_string(
[0.334s]   File "/usr/lib/python3/dist-packages/catkin_pkg/package.py", line 772, in parse_package_string
[0.334s]     raise InvalidPackage('Error(s):%s' % (''.join(['\n- %s' % e for e in errors])), filename)
[0.334s] catkin_pkg.package.InvalidPackage: Error(s) in package '/home/zzq/Desktop/ros2_ws/src/beginner/package.xml':
[0.334s] Error(s):
[0.334s] - The "buildtool_depend" tag must not contain the following children: depend, depend, depend
[0.340s] [31mCMake Error at /opt/ros/humble/share/ament_cmake_core/cmake/core/ament_package_xml.cmake:95 (message):
[0.341s]   execute_process(/usr/bin/python3
[0.341s]   /opt/ros/humble/share/ament_cmake_core/cmake/core/package_xml_2_cmake.py
[0.341s]   /home/zzq/Desktop/ros2_ws/src/beginner/package.xml
[0.341s]   /home/zzq/Desktop/ros2_ws/build/beginner/ament_cmake_core/package.cmake)
[0.341s]   returned error code 1
[0.341s] Call Stack (most recent call first):
[0.341s]   /opt/ros/humble/share/ament_cmake_core/cmake/core/ament_package_xml.cmake:49 (_ament_package_xml)
[0.341s]   /opt/ros/humble/share/ament_lint_auto/cmake/ament_lint_auto_find_test_dependencies.cmake:31 (ament_package_xml)
[0.341s]   CMakeLists.txt:27 (ament_lint_auto_find_test_dependencies)
[0.341s] 
[0.341s] [0m
[0.341s] -- Configuring incomplete, errors occurred!
[0.341s] See also "/home/zzq/Desktop/ros2_ws/build/beginner/CMakeFiles/CMakeOutput.log".
[0.344s] gmake: *** [Makefile:226ï¼šcmake_check_build_system] é”™è¯¯ 1
[0.346s] Invoked command in '/home/zzq/Desktop/ros2_ws/build/beginner' returned '2': /usr/bin/cmake --build /home/zzq/Desktop/ros2_ws/build/beginner -- -j32 -l32
