[0.007s] Invoking command in '/home/zzq/Desktop/ros2_ws/build/pavo_lidar': CMAKE_PREFIX_PATH=${CMAKE_PREFIX_PATH}:/home/zzq/Desktop/ros2_ws/install/srv_msg_creating_py:/home/zzq/Desktop/ros2_ws/install/service_client_py:/home/zzq/Desktop/ros2_ws/install/beitong_joy:/home/zzq/Desktop/ros2_ws/install/beginner_py:/home/zzq/Desktop/ros2_ws/install/HTW_imu:/home/zzq/Desktop/ros2_ws/install/Action_turtle:/home/zzq/Desktop/GYH_ws/install/learning_urdf:/home/zzq/Desktop/GYH_ws/install/learning_topic:/home/zzq/Desktop/GYH_ws/install/learning_tf:/home/zzq/Desktop/GYH_ws/install/learning_service:/home/zzq/Desktop/GYH_ws/install/learning_qos:/home/zzq/Desktop/GYH_ws/install/learning_pkg_python:/home/zzq/Desktop/GYH_ws/install/learning_parameter:/home/zzq/Desktop/GYH_ws/install/learning_node:/home/zzq/Desktop/GYH_ws/install/learning_launch:/home/zzq/Desktop/GYH_ws/install/learning_action:/home/zzq/Desktop/GYH_ws/install/learning_gazebo:/home/zzq/Desktop/GYH_ws/install/learning_cv:/opt/ros/humble /usr/bin/cmake --build /home/zzq/Desktop/ros2_ws/build/pavo_lidar -- -j32 -l32
[0.018s] -- Found ament_cmake: 1.3.9 (/opt/ros/humble/share/ament_cmake/cmake)
[0.094s] -- Found rclcpp: 16.0.9 (/opt/ros/humble/share/rclcpp/cmake)
[0.107s] -- Found rosidl_generator_c: 3.1.5 (/opt/ros/humble/share/rosidl_generator_c/cmake)
[0.108s] -- Found rosidl_adapter: 3.1.5 (/opt/ros/humble/share/rosidl_adapter/cmake)
[0.111s] -- Found rosidl_generator_cpp: 3.1.5 (/opt/ros/humble/share/rosidl_generator_cpp/cmake)
[0.117s] -- Using all available rosidl_typesupport_c: rosidl_typesupport_fastrtps_c;rosidl_typesupport_introspection_c
[0.124s] -- Using all available rosidl_typesupport_cpp: rosidl_typesupport_fastrtps_cpp;rosidl_typesupport_introspection_cpp
[0.151s] -- Found rmw_implementation_cmake: 6.1.2 (/opt/ros/humble/share/rmw_implementation_cmake/cmake)
[0.152s] -- Found rmw_fastrtps_cpp: 6.2.6 (/opt/ros/humble/share/rmw_fastrtps_cpp/cmake)
[0.208s] -- Using RMW implementation 'rmw_fastrtps_cpp' as default
[0.280s] -- Found sensor_msgs: 4.2.4 (/opt/ros/humble/share/sensor_msgs/cmake)
[0.342s] [33mCMake Warning at CMakeLists.txt:16 (find_package):
[0.342s]   By not providing "FindBoost_REQUIRED.cmake" in CMAKE_MODULE_PATH this
[0.342s]   project has asked CMake to find a package configuration file provided by
[0.342s]   "Boost_REQUIRED", but CMake did not find one.
[0.342s] 
[0.342s]   Could not find a package configuration file provided by "Boost_REQUIRED"
[0.342s]   with any of the following names:
[0.342s] 
[0.342s]     Boost_REQUIREDConfig.cmake
[0.342s]     boost_required-config.cmake
[0.342s] 
[0.343s]   Add the installation prefix of "Boost_REQUIRED" to CMAKE_PREFIX_PATH or set
[0.343s]   "Boost_REQUIRED_DIR" to a directory containing one of the above files.  If
[0.343s]   "Boost_REQUIRED" provides a separate development package or SDK, be sure it
[0.343s]   has been installed.
[0.343s] 
[0.343s] [0m
[0.343s] [0mBoost_LIBRARY_DIRS=[0m
[0.344s] -- Found ament_lint_auto: 0.12.11 (/opt/ros/humble/share/ament_lint_auto/cmake)
[0.389s] -- Added test 'cppcheck' to perform static code analysis on C / C++ code
[0.389s] -- Configured cppcheck include dirs: /home/zzq/Desktop/ros2_ws/src/pavo_lidar/sdk/include
[0.389s] -- Configured cppcheck exclude dirs and/or files: 
[0.389s] -- Added test 'lint_cmake' to check CMake code style
[0.390s] -- Added test 'uncrustify' to check C / C++ code style
[0.390s] -- Configured uncrustify additional arguments: 
[0.390s] -- Added test 'xmllint' to check XML markup files
[0.390s] -- Configuring done
[0.394s] -- Generating done
[0.394s] -- Build files have been written to: /home/zzq/Desktop/ros2_ws/build/pavo_lidar
[0.410s] [35m[1mConsolidate compiler generated dependencies of target pavo_pcd_pub[0m
[0.429s] [ 20%] [32m[1mLinking CXX executable pavo_pcd_pub[0m
[0.536s] /usr/bin/ld: CMakeFiles/pavo_pcd_pub.dir/sdk/src/pavo_driver.cpp.o: warning: relocation against `_ZTVN5boost6detail16thread_data_baseE' in read-only section `.text._ZN5boost6detail16thread_data_baseC2Ev[_ZN5boost6detail16thread_data_baseC5Ev]'
[0.545s] /usr/bin/ld: CMakeFiles/pavo_pcd_pub.dir/sdk/src/pavo_driver.cpp.o: in function `boost::detail::thread_data_base::thread_data_base()':
[0.545s] pavo_driver.cpp:(.text._ZN5boost6detail16thread_data_baseC2Ev[_ZN5boost6detail16thread_data_baseC5Ev]+0x24): undefined reference to `vtable for boost::detail::thread_data_base'
[0.545s] /usr/bin/ld: CMakeFiles/pavo_pcd_pub.dir/sdk/src/pavo_driver.cpp.o: in function `boost::detail::interruption_checker::interruption_checker(pthread_mutex_t*, pthread_cond_t*)':
[0.545s] pavo_driver.cpp:(.text._ZN5boost6detail20interruption_checkerC2EP15pthread_mutex_tP14pthread_cond_t[_ZN5boost6detail20interruption_checkerC5EP15pthread_mutex_tP14pthread_cond_t]+0x29): undefined reference to `boost::detail::get_current_thread_data()'
[0.546s] /usr/bin/ld: CMakeFiles/pavo_pcd_pub.dir/sdk/src/pavo_driver.cpp.o: in function `boost::thread::start_thread()':
[0.546s] pavo_driver.cpp:(.text._ZN5boost6thread12start_threadEv[_ZN5boost6thread12start_threadEv]+0x28): undefined reference to `boost::thread::start_thread_noexcept()'
[0.546s] /usr/bin/ld: CMakeFiles/pavo_pcd_pub.dir/sdk/src/pavo_driver.cpp.o: in function `boost::thread::~thread()':
[0.546s] pavo_driver.cpp:(.text._ZN5boost6threadD2Ev[_ZN5boost6threadD5Ev]+0x18): undefined reference to `boost::thread::detach()'
[0.546s] /usr/bin/ld: CMakeFiles/pavo_pcd_pub.dir/sdk/src/pavo_driver.cpp.o: in function `boost::thread::get_id() const':
[0.546s] pavo_driver.cpp:(.text._ZNK5boost6thread6get_idEv[_ZNK5boost6thread6get_idEv]+0x27): undefined reference to `boost::thread::native_handle()'
[0.546s] /usr/bin/ld: CMakeFiles/pavo_pcd_pub.dir/sdk/src/pavo_driver.cpp.o: in function `boost::thread::join()':
[0.546s] pavo_driver.cpp:(.text._ZN5boost6thread4joinEv[_ZN5boost6thread4joinEv]+0x7c): undefined reference to `boost::thread::join_noexcept()'
[0.546s] /usr/bin/ld: CMakeFiles/pavo_pcd_pub.dir/sdk/src/pavo_driver.cpp.o: in function `boost::condition_variable::wait(boost::unique_lock<boost::mutex>&)':
[0.546s] pavo_driver.cpp:(.text._ZN5boost18condition_variable4waitERNS_11unique_lockINS_5mutexEEE[_ZN5boost18condition_variable4waitERNS_11unique_lockINS_5mutexEEE]+0x119): undefined reference to `boost::this_thread::interruption_point()'
[0.546s] /usr/bin/ld: CMakeFiles/pavo_pcd_pub.dir/sdk/src/pavo_driver.cpp.o: in function `boost::condition_variable::do_wait_until(boost::unique_lock<boost::mutex>&, boost::detail::mono_platform_timepoint const&)':
[0.546s] pavo_driver.cpp:(.text._ZN5boost18condition_variable13do_wait_untilERNS_11unique_lockINS_5mutexEEERKNS_6detail23mono_platform_timepointE[_ZN5boost18condition_variable13do_wait_untilERNS_11unique_lockINS_5mutexEEERKNS_6detail23mono_platform_timepointE]+0x133): undefined reference to `boost::this_thread::interruption_point()'
[0.546s] /usr/bin/ld: CMakeFiles/pavo_pcd_pub.dir/sdk/src/pavo_driver.cpp.o: in function `boost::detail::thread_data<boost::_bi::bind_t<unsigned long, boost::_mfi::mf0<unsigned long, boost::asio::io_context>, boost::_bi::list1<boost::_bi::value<boost::asio::io_context*> > > >::~thread_data()':
[0.546s] pavo_driver.cpp:(.text._ZN5boost6detail11thread_dataINS_3_bi6bind_tImNS_4_mfi3mf0ImNS_4asio10io_contextEEENS2_5list1INS2_5valueIPS7_EEEEEEED2Ev[_ZN5boost6detail11thread_dataINS_3_bi6bind_tImNS_4_mfi3mf0ImNS_4asio10io_contextEEENS2_5list1INS2_5valueIPS7_EEEEEEED5Ev]+0x26): undefined reference to `boost::detail::thread_data_base::~thread_data_base()'
[0.546s] /usr/bin/ld: CMakeFiles/pavo_pcd_pub.dir/sdk/src/pavo_driver.cpp.o:(.data.rel.ro._ZTIN5boost6detail11thread_dataINS_3_bi6bind_tImNS_4_mfi3mf0ImNS_4asio10io_contextEEENS2_5list1INS2_5valueIPS7_EEEEEEEE[_ZTIN5boost6detail11thread_dataINS_3_bi6bind_tImNS_4_mfi3mf0ImNS_4asio10io_contextEEENS2_5list1INS2_5valueIPS7_EEEEEEEE]+0x10): undefined reference to `typeinfo for boost::detail::thread_data_base'
[0.552s] /usr/bin/ld: warning: creating DT_TEXTREL in a PIE
[0.554s] collect2: error: ld returned 1 exit status
[0.555s] gmake[2]: *** [CMakeFiles/pavo_pcd_pub.dir/build.make:223ï¼špavo_pcd_pub] é”™è¯¯ 1
[0.555s] gmake[1]: *** [CMakeFiles/Makefile2:137ï¼šCMakeFiles/pavo_pcd_pub.dir/all] é”™è¯¯ 2
[0.555s] gmake: *** [Makefile:146ï¼šall] é”™è¯¯ 2
[0.557s] Invoked command in '/home/zzq/Desktop/ros2_ws/build/pavo_lidar' returned '2': CMAKE_PREFIX_PATH=${CMAKE_PREFIX_PATH}:/home/zzq/Desktop/ros2_ws/install/srv_msg_creating_py:/home/zzq/Desktop/ros2_ws/install/service_client_py:/home/zzq/Desktop/ros2_ws/install/beitong_joy:/home/zzq/Desktop/ros2_ws/install/beginner_py:/home/zzq/Desktop/ros2_ws/install/HTW_imu:/home/zzq/Desktop/ros2_ws/install/Action_turtle:/home/zzq/Desktop/GYH_ws/install/learning_urdf:/home/zzq/Desktop/GYH_ws/install/learning_topic:/home/zzq/Desktop/GYH_ws/install/learning_tf:/home/zzq/Desktop/GYH_ws/install/learning_service:/home/zzq/Desktop/GYH_ws/install/learning_qos:/home/zzq/Desktop/GYH_ws/install/learning_pkg_python:/home/zzq/Desktop/GYH_ws/install/learning_parameter:/home/zzq/Desktop/GYH_ws/install/learning_node:/home/zzq/Desktop/GYH_ws/install/learning_launch:/home/zzq/Desktop/GYH_ws/install/learning_action:/home/zzq/Desktop/GYH_ws/install/learning_gazebo:/home/zzq/Desktop/GYH_ws/install/learning_cv:/opt/ros/humble /usr/bin/cmake --build /home/zzq/Desktop/ros2_ws/build/pavo_lidar -- -j32 -l32
