[0.007s] Invoking command in '/home/zzq/Desktop/ros2_ws/build/beginner': /usr/bin/cmake --build /home/zzq/Desktop/ros2_ws/build/beginner -- -j32 -l32
[0.018s] -- Found ament_cmake: 1.3.9 (/opt/ros/humble/share/ament_cmake/cmake)
[0.083s] -- Found rclcpp: 16.0.9 (/opt/ros/humble/share/rclcpp/cmake)
[0.101s] -- Found rosidl_generator_c: 3.1.5 (/opt/ros/humble/share/rosidl_generator_c/cmake)
[0.103s] -- Found rosidl_adapter: 3.1.5 (/opt/ros/humble/share/rosidl_adapter/cmake)
[0.107s] -- Found rosidl_generator_cpp: 3.1.5 (/opt/ros/humble/share/rosidl_generator_cpp/cmake)
[0.113s] -- Using all available rosidl_typesupport_c: rosidl_typesupport_fastrtps_c;rosidl_typesupport_introspection_c
[0.121s] -- Using all available rosidl_typesupport_cpp: rosidl_typesupport_fastrtps_cpp;rosidl_typesupport_introspection_cpp
[0.152s] -- Found rmw_implementation_cmake: 6.1.2 (/opt/ros/humble/share/rmw_implementation_cmake/cmake)
[0.153s] -- Found rmw_fastrtps_cpp: 6.2.6 (/opt/ros/humble/share/rmw_fastrtps_cpp/cmake)
[0.198s] -- Found OpenSSL: /usr/lib/x86_64-linux-gnu/libcrypto.so (found version "3.0.2")  
[0.213s] -- Found FastRTPS: /opt/ros/humble/include  
[0.235s] -- Using RMW implementation 'rmw_fastrtps_cpp' as default
[0.239s] -- Looking for pthread.h
[0.284s] -- Looking for pthread.h - found
[0.285s] -- Performing Test CMAKE_HAVE_LIBC_PTHREAD
[0.351s] -- Performing Test CMAKE_HAVE_LIBC_PTHREAD - Success
[0.352s] -- Found Threads: TRUE  
[0.430s] -- Found geometry_msgs: 4.2.4 (/opt/ros/humble/share/geometry_msgs/cmake)
[0.450s] -- Found ament_lint_auto: 0.12.11 (/opt/ros/humble/share/ament_lint_auto/cmake)
[0.483s] Error parsing '/home/zzq/Desktop/ros2_ws/src/beginner/package.xml':
[0.502s] Traceback (most recent call last):
[0.502s]   File "/opt/ros/humble/share/ament_cmake_core/cmake/core/package_xml_2_cmake.py", line 150, in <module>
[0.502s]     main()
[0.502s]   File "/opt/ros/humble/share/ament_cmake_core/cmake/core/package_xml_2_cmake.py", line 53, in main
[0.502s]     raise e
[0.502s]   File "/opt/ros/humble/share/ament_cmake_core/cmake/core/package_xml_2_cmake.py", line 49, in main
[0.502s]     package = parse_package_string(
[0.502s]   File "/usr/lib/python3/dist-packages/catkin_pkg/package.py", line 772, in parse_package_string
[0.502s]     raise InvalidPackage('Error(s):%s' % (''.join(['\n- %s' % e for e in errors])), filename)
[0.502s] catkin_pkg.package.InvalidPackage: Error(s) in package '/home/zzq/Desktop/ros2_ws/src/beginner/package.xml':
[0.502s] Error(s):
[0.502s] - The "buildtool_depend" tag must not contain the following children: depend, depend, depend
[0.509s] [31mCMake Error at /opt/ros/humble/share/ament_cmake_core/cmake/core/ament_package_xml.cmake:95 (message):
[0.509s]   execute_process(/usr/bin/python3
[0.509s]   /opt/ros/humble/share/ament_cmake_core/cmake/core/package_xml_2_cmake.py
[0.509s]   /home/zzq/Desktop/ros2_ws/src/beginner/package.xml
[0.509s]   /home/zzq/Desktop/ros2_ws/build/beginner/ament_cmake_core/package.cmake)
[0.509s]   returned error code 1
[0.509s] Call Stack (most recent call first):
[0.509s]   /opt/ros/humble/share/ament_cmake_core/cmake/core/ament_package_xml.cmake:49 (_ament_package_xml)
[0.510s]   /opt/ros/humble/share/ament_lint_auto/cmake/ament_lint_auto_find_test_dependencies.cmake:31 (ament_package_xml)
[0.510s]   CMakeLists.txt:27 (ament_lint_auto_find_test_dependencies)
[0.510s] 
[0.510s] [0m
[0.510s] -- Configuring incomplete, errors occurred!
[0.510s] See also "/home/zzq/Desktop/ros2_ws/build/beginner/CMakeFiles/CMakeOutput.log".
[0.514s] gmake: *** [Makefile:226ï¼šcmake_check_build_system] é”™è¯¯ 1
[0.515s] Invoked command in '/home/zzq/Desktop/ros2_ws/build/beginner' returned '2': /usr/bin/cmake --build /home/zzq/Desktop/ros2_ws/build/beginner -- -j32 -l32
