[0.006s] Invoking command in '/home/zzq/Desktop/ros2_ws/build/pavo_lidar': CMAKE_PREFIX_PATH=${CMAKE_PREFIX_PATH}:/home/zzq/Desktop/ros2_ws/install/srv_msg_creating_py:/home/zzq/Desktop/ros2_ws/install/service_client_py:/home/zzq/Desktop/ros2_ws/install/beitong_joy:/home/zzq/Desktop/ros2_ws/install/beginner_py:/home/zzq/Desktop/ros2_ws/install/HTW_imu:/home/zzq/Desktop/ros2_ws/install/Action_turtle:/home/zzq/Desktop/GYH_ws/install/learning_urdf:/home/zzq/Desktop/GYH_ws/install/learning_topic:/home/zzq/Desktop/GYH_ws/install/learning_tf:/home/zzq/Desktop/GYH_ws/install/learning_service:/home/zzq/Desktop/GYH_ws/install/learning_qos:/home/zzq/Desktop/GYH_ws/install/learning_pkg_python:/home/zzq/Desktop/GYH_ws/install/learning_parameter:/home/zzq/Desktop/GYH_ws/install/learning_node:/home/zzq/Desktop/GYH_ws/install/learning_launch:/home/zzq/Desktop/GYH_ws/install/learning_action:/home/zzq/Desktop/GYH_ws/install/learning_gazebo:/home/zzq/Desktop/GYH_ws/install/learning_cv:/opt/ros/humble /usr/bin/cmake --build /home/zzq/Desktop/ros2_ws/build/pavo_lidar -- -j32 -l32
[0.028s] [35m[1mConsolidate compiler generated dependencies of target pavo_pcd_pub[0m
[0.045s] [ 50%] [32mBuilding CXX object CMakeFiles/pavo_pcd_pub.dir/src/pavo_pcd_node.cpp.o[0m
[1.636s] In file included from [01m[K/home/zzq/Desktop/ros2_ws/src/pavo_lidar/sdk/include/pavo_driver.h:12[m[K,
[1.636s]                  from [01m[K/home/zzq/Desktop/ros2_ws/src/pavo_lidar/src/pavo_pcd_node.cpp:6[m[K:
[1.636s] [01m[K/home/zzq/Desktop/ros2_ws/src/pavo_lidar/sdk/include/pavo_cmd.h:[m[K In function â€˜[01m[Kbool IsValidMotorSpeed(int)[m[Kâ€™:
[1.636s] [01m[K/home/zzq/Desktop/ros2_ws/src/pavo_lidar/sdk/include/pavo_cmd.h:244:26:[m[K [01;35m[Kwarning: [m[Kcomparison of integer expressions of different signedness: â€˜[01m[Kint[m[Kâ€™ and â€˜[01m[Kconst unsigned int[m[Kâ€™ [[01;35m[K]8;;https://gcc.gnu.org/onlinedocs/gcc/Warning-Options.html#index-Wsign-compare-Wsign-compare]8;;[m[K]
[1.636s]   244 |                 if([01;35m[Kspeed == VALID_MOTOR_SPEED[i][m[K)
[1.636s]       |                    [01;35m[K~~~~~~^~~~~~~~~~~~~~~~~~~~~~~[m[K
[1.636s] [01m[K/home/zzq/Desktop/ros2_ws/src/pavo_lidar/sdk/include/pavo_cmd.h:[m[K In function â€˜[01m[Kbool IsValidPointCloudMergeCoef(int)[m[Kâ€™:
[1.636s] [01m[K/home/zzq/Desktop/ros2_ws/src/pavo_lidar/sdk/include/pavo_cmd.h:256:25:[m[K [01;35m[Kwarning: [m[Kcomparison of integer expressions of different signedness: â€˜[01m[Kint[m[Kâ€™ and â€˜[01m[Kconst unsigned int[m[Kâ€™ [[01;35m[K]8;;https://gcc.gnu.org/onlinedocs/gcc/Warning-Options.html#index-Wsign-compare-Wsign-compare]8;;[m[K]
[1.636s]   256 |                 if([01;35m[Kcoef == VALID_POINT_CLOUD_MERGE_COEF[i][m[K)
[1.636s]       |                    [01;35m[K~~~~~^~~~~~~~~~~~~~~~~~~~~~~~~~~~~~~~~~[m[K
[1.639s] In file included from [01m[K/home/zzq/Desktop/ros2_ws/src/pavo_lidar/src/pavo_pcd_node.cpp:6[m[K:
[1.639s] [01m[K/home/zzq/Desktop/ros2_ws/src/pavo_lidar/sdk/include/pavo_driver.h:[m[K At global scope:
[1.639s] [01m[K/home/zzq/Desktop/ros2_ws/src/pavo_lidar/sdk/include/pavo_driver.h:36:77:[m[K [01;31m[Kerror: [m[KISO C++17 does not allow dynamic exception specifications
[1.639s]    36 |                 bool pavo_open(std::string device_ip, uint16_t device_port) [01;31m[Kthrow[m[K(pavo_exception);
[1.639s]       |                                                                             [01;31m[K^~~~~[m[K
[1.652s] [01m[K/home/zzq/Desktop/ros2_ws/src/pavo_lidar/src/pavo_pcd_node.cpp:9:1:[m[K [01;31m[Kerror: [m[Kâ€˜[01m[Kpavo::pavo_driver::pavo_driver[m[Kâ€™ names the constructor, not the type
[1.652s]     9 | [01;31m[Kpavo[m[K::pavo_driver::pavo_driver *drv =NULL;
[1.652s]       | [01;31m[K^~~~[m[K
[1.652s] [01m[K/home/zzq/Desktop/ros2_ws/src/pavo_lidar/src/pavo_pcd_node.cpp:10:47:[m[K [01;35m[Kwarning: [m[Kuse of â€˜[01m[Kauto[m[Kâ€™ in parameter declaration only available with â€˜[01m[K-std=c++20[m[Kâ€™ or â€˜[01m[K-fconcepts[m[Kâ€™
[1.652s]    10 | void get_param(const std::string &param_name, [01;35m[Kauto[m[K &param_var)
[1.652s]       |                                               [01;35m[K^~~~[m[K
[1.652s] [01m[K/home/zzq/Desktop/ros2_ws/src/pavo_lidar/src/pavo_pcd_node.cpp:[m[K In function â€˜[01m[Kvoid get_param(const string&, auto:41&)[m[Kâ€™:
[1.652s] [01m[K/home/zzq/Desktop/ros2_ws/src/pavo_lidar/src/pavo_pcd_node.cpp:12:9:[m[K [01;31m[Kerror: [m[Kinvalid use of â€˜[01m[Kthis[m[Kâ€™ in non-member function
[1.652s]    12 |     if ([01;31m[Kthis[m[K->has_parameter(param_name))
[1.652s]       |         [01;31m[K^~~~[m[K
[1.652s] [01m[K/home/zzq/Desktop/ros2_ws/src/pavo_lidar/src/pavo_pcd_node.cpp:14:9:[m[K [01;31m[Kerror: [m[Kinvalid use of â€˜[01m[Kthis[m[Kâ€™ in non-member function
[1.652s]    14 |         [01;31m[Kthis[m[K->get_parameter(param_name, param_var);
[1.652s]       |         [01;31m[K^~~~[m[K
[1.668s] [01m[K/home/zzq/Desktop/ros2_ws/src/pavo_lidar/src/pavo_pcd_node.cpp:[m[K In constructor â€˜[01m[KPC_Pub_node::PC_Pub_node()[m[Kâ€™:
[1.668s] [01m[K/home/zzq/Desktop/ros2_ws/src/pavo_lidar/src/pavo_pcd_node.cpp:78:13:[m[K [01;31m[Kerror: [m[Kâ€˜[01m[Kdrv[m[Kâ€™ was not declared in this scope; did you mean â€˜[01m[Kdiv[m[Kâ€™?
[1.668s]    78 |             [01;31m[Kdrv[m[K = new pavo::pavo_driver();
[1.668s]       |             [01;31m[K^~~[m[K
[1.668s]       |             [32m[Kdiv[m[K
[1.671s] [01m[K/home/zzq/Desktop/ros2_ws/src/pavo_lidar/src/pavo_pcd_node.cpp:82:13:[m[K [01;31m[Kerror: [m[Kâ€˜[01m[Kdrv[m[Kâ€™ was not declared in this scope; did you mean â€˜[01m[Kdiv[m[Kâ€™?
[1.671s]    82 |             [01;31m[Kdrv[m[K = new pavo::pavo_driver(this->host_ip,this->host_port);
[1.671s]       |             [01;31m[K^~~[m[K
[1.671s]       |             [32m[Kdiv[m[K
[1.673s] [01m[K/home/zzq/Desktop/ros2_ws/src/pavo_lidar/src/pavo_pcd_node.cpp:84:9:[m[K [01;31m[Kerror: [m[Kâ€˜[01m[Kdrv[m[Kâ€™ was not declared in this scope; did you mean â€˜[01m[Kdiv[m[Kâ€™?
[1.673s]    84 |         [01;31m[Kdrv[m[K->pavo_open(this->lidar_ip,this->lidar_port);
[1.673s]       |         [01;31m[K^~~[m[K
[1.673s]       |         [32m[Kdiv[m[K
[1.674s] [01m[K/home/zzq/Desktop/ros2_ws/src/pavo_lidar/src/pavo_pcd_node.cpp:38:13:[m[K [01;35m[Kwarning: [m[Kunused variable â€˜[01m[Knum_points[m[Kâ€™ [[01;35m[K]8;;https://gcc.gnu.org/onlinedocs/gcc/Warning-Options.html#index-Wunused-variable-Wunused-variable]8;;[m[K]
[1.674s]    38 |         int [01;35m[Knum_points[m[K;
[1.674s]       |             [01;35m[K^~~~~~~~~~[m[K
[1.677s] [01m[K/home/zzq/Desktop/ros2_ws/src/pavo_lidar/src/pavo_pcd_node.cpp:[m[K In destructor â€˜[01m[Kvirtual PC_Pub_node::~PC_Pub_node()[m[Kâ€™:
[1.677s] [01m[K/home/zzq/Desktop/ros2_ws/src/pavo_lidar/src/pavo_pcd_node.cpp:124:16:[m[K [01;31m[Kerror: [m[Kâ€˜[01m[Kdrv[m[Kâ€™ was not declared in this scope; did you mean â€˜[01m[Kdiv[m[Kâ€™?
[1.677s]   124 |         delete [01;31m[Kdrv[m[K;
[1.677s]       |                [01;31m[K^~~[m[K
[1.677s]       |                [32m[Kdiv[m[K
[1.681s] [01m[K/home/zzq/Desktop/ros2_ws/src/pavo_lidar/src/pavo_pcd_node.cpp:[m[K In member function â€˜[01m[Kvoid PC_Pub_node::timer_callback()[m[Kâ€™:
[1.681s] [01m[K/home/zzq/Desktop/ros2_ws/src/pavo_lidar/src/pavo_pcd_node.cpp:145:13:[m[K [01;31m[Kerror: [m[Kâ€˜[01m[Kdrv[m[Kâ€™ was not declared in this scope; did you mean â€˜[01m[Kdiv[m[Kâ€™?
[1.681s]   145 |             [01;31m[Kdrv[m[K->get_scanned_data(pcd_vec);
[1.681s]       |             [01;31m[K^~~[m[K
[1.681s]       |             [32m[Kdiv[m[K
[2.153s] gmake[2]: *** [CMakeFiles/pavo_pcd_pub.dir/build.make:76ï¼šCMakeFiles/pavo_pcd_pub.dir/src/pavo_pcd_node.cpp.o] é”™è¯¯ 1
[2.153s] gmake[1]: *** [CMakeFiles/Makefile2:137ï¼šCMakeFiles/pavo_pcd_pub.dir/all] é”™è¯¯ 2
[2.153s] gmake: *** [Makefile:146ï¼šall] é”™è¯¯ 2
[2.155s] Invoked command in '/home/zzq/Desktop/ros2_ws/build/pavo_lidar' returned '2': CMAKE_PREFIX_PATH=${CMAKE_PREFIX_PATH}:/home/zzq/Desktop/ros2_ws/install/srv_msg_creating_py:/home/zzq/Desktop/ros2_ws/install/service_client_py:/home/zzq/Desktop/ros2_ws/install/beitong_joy:/home/zzq/Desktop/ros2_ws/install/beginner_py:/home/zzq/Desktop/ros2_ws/install/HTW_imu:/home/zzq/Desktop/ros2_ws/install/Action_turtle:/home/zzq/Desktop/GYH_ws/install/learning_urdf:/home/zzq/Desktop/GYH_ws/install/learning_topic:/home/zzq/Desktop/GYH_ws/install/learning_tf:/home/zzq/Desktop/GYH_ws/install/learning_service:/home/zzq/Desktop/GYH_ws/install/learning_qos:/home/zzq/Desktop/GYH_ws/install/learning_pkg_python:/home/zzq/Desktop/GYH_ws/install/learning_parameter:/home/zzq/Desktop/GYH_ws/install/learning_node:/home/zzq/Desktop/GYH_ws/install/learning_launch:/home/zzq/Desktop/GYH_ws/install/learning_action:/home/zzq/Desktop/GYH_ws/install/learning_gazebo:/home/zzq/Desktop/GYH_ws/install/learning_cv:/opt/ros/humble /usr/bin/cmake --build /home/zzq/Desktop/ros2_ws/build/pavo_lidar -- -j32 -l32
